#
# A fatal error has been detected by the Java Runtime Environment:
#
#  EXCEPTION_STACK_OVERFLOW (0xc00000fd) at pc=0x6e8b0693, pid=656, tid=1472
#
# JRE version: Java(TM) SE Runtime Environment (7.0_60-b19) (build 1.7.0_60-b19)
# Java VM: Java HotSpot(TM) Client VM (24.60-b09 mixed mode, sharing windows-x86 )
# Problematic frame:
# V  [jvm.dll+0x140693]
#
# Failed to write core dump. Minidumps are not enabled by default on client versions of Windows
#
# If you would like to submit a bug report, please visit:
#   http://bugreport.sun.com/bugreport/crash.jsp
#

---------------  T H R E A D  ---------------

Current thread (0x02e7a400):  JavaThread "Thread-0" [_thread_in_vm, id=1472, stack(0x03010000,0x03060000)]

siginfo: ExceptionCode=0xc00000fd, ExceptionInformation=0x00000001 0x0305ccec 

Registers:
EAX=0x00003000, EBX=0x02a69f90, ECX=0x0305ccec, EDX=0x03019058
ESP=0x0305fcf8, EBP=0x0305fd5c, ESI=0x00000004, EDI=0x0305fcec
EIP=0x6e8b0693, EFLAGS=0x00010202

Top of Stack: (sp=0x0305fcf8)
0x0305fcf8:   02a69fa0 02e7a400 6e8b0e23 02a69f90
0x0305fd08:   02e7a400 00000000 6e7deaef 02a69fa0
0x0305fd18:   ffffffff 0305fd64 6e7e0f4e 02a69f94
0x0305fd28:   02a69f98 02a69f9c 02a69fa0 00000017
0x0305fd38:   02e7a400 02a69f90 02e7a400 00000000
0x0305fd48:   00000000 0305fea8 0000000a 00000000
0x0305fd58:   02a69f90 0305fda4 6e97529e 0305fea0
0x0305fd68:   0005fe04 0305fe10 00929870 140b94f5 

Instructions: (pc=0x6e8b0693)
0x6e8b0673:   19 4d 0c 00 be 01 00 00 00 8b f8 39 35 04 e4 a8
0x6e8b0683:   6e 7c 1b e8 15 33 06 00 0f af c6 8b cf 2b c8 46
0x6e8b0693:   c7 01 00 00 00 00 3b 35 04 e4 a8 6e 7e e5 5f 5e
0x6e8b06a3:   c3 cc cc cc cc cc cc cc cc cc cc cc cc 55 8b ec 


Register to memory mapping:

EAX=0x00003000 is an unknown value
EBX=0x02a69f90 is an unknown value
ECX=0x0305ccec is pointing into the stack for thread: 0x02e7a400
EDX=0x03019058 is pointing into the stack for thread: 0x02e7a400
ESP=0x0305fcf8 is pointing into the stack for thread: 0x02e7a400
EBP=0x0305fd5c is pointing into the stack for thread: 0x02e7a400
ESI=0x00000004 is an unknown value
EDI=0x0305fcec is pointing into the stack for thread: 0x02e7a400


Stack: [0x03010000,0x03060000],  sp=0x0305fcf8,  free space=319k
Native frames: (J=compiled Java code, j=interpreted, Vv=VM code, C=native code)
V  [jvm.dll+0x140693]
V  [jvm.dll+0x20529e]
V  [jvm.dll+0x141035]
V  [jvm.dll+0x141097]
V  [jvm.dll+0xec49f]
V  [jvm.dll+0x1622dc]
V  [jvm.dll+0x162d37]
V  [jvm.dll+0x1a71e9]
C  [msvcr100.dll+0x5c556]
C  [msvcr100.dll+0x5c600]
C  [kernel32.dll+0xb6a3]


---------------  P R O C E S S  ---------------

Java Threads: ( => current thread )
=>0x02e7a400 JavaThread "Thread-0" [_thread_in_vm, id=1472, stack(0x03010000,0x03060000)]
  0x003b9c00 JavaThread "DestroyJavaVM" [_thread_blocked, id=2732, stack(0x008c0000,0x00910000)]
  0x02a31400 JavaThread "Service Thread" daemon [_thread_blocked, id=3468, stack(0x02d70000,0x02dc0000)]
  0x02a2b800 JavaThread "C1 CompilerThread0" daemon [_thread_blocked, id=1048, stack(0x02d20000,0x02d70000)]
  0x02a29c00 JavaThread "Attach Listener" daemon [_thread_blocked, id=3128, stack(0x02cd0000,0x02d20000)]
  0x02a28400 JavaThread "Signal Dispatcher" daemon [_thread_blocked, id=516, stack(0x02c80000,0x02cd0000)]
  0x029c0400 JavaThread "Finalizer" daemon [_thread_blocked, id=1824, stack(0x02c30000,0x02c80000)]
  0x029bb400 JavaThread "Reference Handler" daemon [_thread_blocked, id=2964, stack(0x02be0000,0x02c30000)]

Other Threads:
  0x029b9800 VMThread [stack: 0x02b90000,0x02be0000] [id=1796]
  0x02a4d000 WatcherThread [stack: 0x02dc0000,0x02e10000] [id=3008]

VM state:not at safepoint (normal execution)

VM Mutex/Monitor currently owned by a thread: None

Heap
 def new generation   total 2432K, used 61K [0x22c00000, 0x22ea0000, 0x256a0000)
  eden space 2176K,   2% used [0x22c00000, 0x22c0f7e0, 0x22e20000)
  from space 256K,   0% used [0x22e60000, 0x22e60000, 0x22ea0000)
  to   space 256K,   0% used [0x22e20000, 0x22e20000, 0x22e60000)
 tenured generation   total 12184K, used 7736K [0x256a0000, 0x26286000, 0x2ac00000)
   the space 12184K,  63% used [0x256a0000, 0x25e2e090, 0x25e2e200, 0x26286000)
 compacting perm gen  total 12288K, used 694K [0x2ac00000, 0x2b800000, 0x2ec00000)
   the space 12288K,   5% used [0x2ac00000, 0x2acadac8, 0x2acadc00, 0x2b800000)
    ro space 10240K,  42% used [0x2ec00000, 0x2f034778, 0x2f034800, 0x2f600000)
    rw space 12288K,  52% used [0x2f600000, 0x2fc49a68, 0x2fc49c00, 0x30200000)

Card table byte_map: [0x02aa0000,0x02b10000] byte_map_base: 0x0298a000

Polling page: 0x003e0000

Code Cache  [0x00920000, 0x009e8000, 0x02920000)
 total_blobs=260 nmethods=111 adapters=86 free_code_cache=31975Kb largest_free_block=32742592

Compilation events (10 events):
Event: 1.587 Thread 0x02a2b800  107             java.io.BufferedInputStream::read1 (108 bytes)
Event: 1.599 Thread 0x02a2b800 nmethod 107 0x009e4fc8 code [0x009e5120, 0x009e548c]
Event: 1.733 Thread 0x02a2b800  108             edu.byu.ece.rapidSmith.device.Tile::<init> (30 bytes)
Event: 1.733 Thread 0x02a2b800 nmethod 108 0x009e5788 code [0x009e5880, 0x009e5960]
Event: 1.733 Thread 0x02a2b800  109             edu.byu.ece.rapidSmith.device.Tile::setColumn (6 bytes)
Event: 1.733 Thread 0x02a2b800 nmethod 109 0x009e59c8 code [0x009e5ac0, 0x009e5b40]
Event: 1.733 Thread 0x02a2b800  110             edu.byu.ece.rapidSmith.device.Tile::setRow (6 bytes)
Event: 1.733 Thread 0x02a2b800 nmethod 110 0x009e5b88 code [0x009e5c80, 0x009e5d00]
Event: 1.887 Thread 0x02a2b800  111   !         edu.byu.ece.rapidSmith.util.FileTools::readStringArray (48 bytes)
Event: 1.887 Thread 0x02a2b800 nmethod 111 0x009e5d48 code [0x009e5e90, 0x009e60f8]

GC Heap History (10 events):
Event: 2.586 GC heap before
{Heap before GC invocations=12 (full 7):
 def new generation   total 2432K, used 2175K [0x22c00000, 0x22ea0000, 0x256a0000)
  eden space 2176K,  99% used [0x22c00000, 0x22e1fff8, 0x22e20000)
  from space 256K,   0% used [0x22e20000, 0x22e20000, 0x22e60000)
  to   space 256K,   0% used [0x22e60000, 0x22e60000, 0x22ea0000)
 tenured generation   total 12184K, used 12184K [0x256a0000, 0x26286000, 0x2ac00000)
   the space 12184K, 100% used [0x256a0000, 0x26286000, 0x26286000, 0x26286000)
 compacting perm gen  total 12288K, used 692K [0x2ac00000, 0x2b800000, 0x2ec00000)
   the space 12288K,   5% used [0x2ac00000, 0x2acad220, 0x2acad400, 0x2b800000)
    ro space 10240K,  42% used [0x2ec00000, 0x2f034778, 0x2f034800, 0x2f600000)
    rw space 12288K,  52% used [0x2f600000, 0x2fc49a68, 0x2fc49c00, 0x30200000)
Event: 2.611 GC heap after
Heap after GC invocations=13 (full 8):
 def new generation   total 2432K, used 2175K [0x22c00000, 0x22ea0000, 0x256a0000)
  eden space 2176K,  99% used [0x22c00000, 0x22e1fff8, 0x22e20000)
  from space 256K,   0% used [0x22e20000, 0x22e20000, 0x22e60000)
  to   space 256K,   0% used [0x22e60000, 0x22e60000, 0x22ea0000)
 tenured generation   total 12184K, used 12182K [0x256a0000, 0x26286000, 0x2ac00000)
   the space 12184K,  99% used [0x256a0000, 0x26285be0, 0x26285c00, 0x26286000)
 compacting perm gen  total 12288K, used 692K [0x2ac00000, 0x2b800000, 0x2ec00000)
   the space 12288K,   5% used [0x2ac00000, 0x2acad220, 0x2acad400, 0x2b800000)
    ro space 10240K,  42% used [0x2ec00000, 0x2f034778, 0x2f034800, 0x2f600000)
    rw space 12288K,  52% used [0x2f600000, 0x2fc49a68, 0x2fc49c00, 0x30200000)
}
Event: 2.611 GC heap before
{Heap before GC invocations=13 (full 8):
 def new generation   total 2432K, used 2175K [0x22c00000, 0x22ea0000, 0x256a0000)
  eden space 2176K,  99% used [0x22c00000, 0x22e1fff8, 0x22e20000)
  from space 256K,   0% used [0x22e20000, 0x22e20000, 0x22e60000)
  to   space 256K,   0% used [0x22e60000, 0x22e60000, 0x22ea0000)
 tenured generation   total 12184K, used 12183K [0x256a0000, 0x26286000, 0x2ac00000)
   the space 12184K,  99% used [0x256a0000, 0x26285c00, 0x26285c00, 0x26286000)
 compacting perm gen  total 12288K, used 692K [0x2ac00000, 0x2b800000, 0x2ec00000)
   the space 12288K,   5% used [0x2ac00000, 0x2acad220, 0x2acad400, 0x2b800000)
    ro space 10240K,  42% used [0x2ec00000, 0x2f034778, 0x2f034800, 0x2f600000)
    rw space 12288K,  52% used [0x2f600000, 0x2fc49a68, 0x2fc49c00, 0x30200000)
Event: 2.837 GC heap after
Heap after GC invocations=14 (full 9):
 def new generation   total 2432K, used 2175K [0x22c00000, 0x22ea0000, 0x256a0000)
  eden space 2176K,  99% used [0x22c00000, 0x22e1fc08, 0x22e20000)
  from space 256K,   0% used [0x22e60000, 0x22e60000, 0x22ea0000)
  to   space 256K,   0% used [0x22e20000, 0x22e20000, 0x22e60000)
 tenured generation   total 12184K, used 12183K [0x256a0000, 0x26286000, 0x2ac00000)
   the space 12184K,  99% used [0x256a0000, 0x26285ff0, 0x26286000, 0x26286000)
 compacting perm gen  total 12288K, used 692K [0x2ac00000, 0x2b800000, 0x2ec00000)
   the space 12288K,   5% used [0x2ac00000, 0x2acad220, 0x2acad400, 0x2b800000)
    ro space 10240K,  42% used [0x2ec00000, 0x2f034778, 0x2f034800, 0x2f600000)
    rw space 12288K,  52% used [0x2f600000, 0x2fc49a68, 0x2fc49c00, 0x30200000)
}
Event: 2.837 GC heap before
{Heap before GC invocations=14 (full 9):
 def new generation   total 2432K, used 2176K [0x22c00000, 0x22ea0000, 0x256a0000)
  eden space 2176K, 100% used [0x22c00000, 0x22e20000, 0x22e20000)
  from space 256K,   0% used [0x22e60000, 0x22e60000, 0x22ea0000)
  to   space 256K,   0% used [0x22e20000, 0x22e20000, 0x22e60000)
 tenured generation   total 12184K, used 12183K [0x256a0000, 0x26286000, 0x2ac00000)
   the space 12184K,  99% used [0x256a0000, 0x26285ff0, 0x26286000, 0x26286000)
 compacting perm gen  total 12288K, used 692K [0x2ac00000, 0x2b800000, 0x2ec00000)
   the space 12288K,   5% used [0x2ac00000, 0x2acad220, 0x2acad400, 0x2b800000)
    ro space 10240K,  42% used [0x2ec00000, 0x2f034778, 0x2f034800, 0x2f600000)
    rw space 12288K,  52% used [0x2f600000, 0x2fc49a68, 0x2fc49c00, 0x30200000)
Event: 3.067 GC heap after
Heap after GC invocations=15 (full 10):
 def new generation   total 2432K, used 2175K [0x22c00000, 0x22ea0000, 0x256a0000)
  eden space 2176K,  99% used [0x22c00000, 0x22e1fff0, 0x22e20000)
  from space 256K,   0% used [0x22e20000, 0x22e20000, 0x22e60000)
  to   space 256K,   0% used [0x22e60000, 0x22e60000, 0x22ea0000)
 tenured generation   total 12184K, used 12183K [0x256a0000, 0x26286000, 0x2ac00000)
   the space 12184K,  99% used [0x256a0000, 0x26285ff0, 0x26286000, 0x26286000)
 compacting perm gen  total 12288K, used 692K [0x2ac00000, 0x2b800000, 0x2ec00000)
   the space 12288K,   5% used [0x2ac00000, 0x2acad220, 0x2acad400, 0x2b800000)
    ro space 10240K,  42% used [0x2ec00000, 0x2f034778, 0x2f034800, 0x2f600000)
    rw space 12288K,  52% used [0x2f600000, 0x2fc49a68, 0x2fc49c00, 0x30200000)
}
Event: 3.067 GC heap before
{Heap before GC invocations=15 (full 10):
 def new generation   total 2432K, used 2175K [0x22c00000, 0x22ea0000, 0x256a0000)
  eden space 2176K,  99% used [0x22c00000, 0x22e1fff0, 0x22e20000)
  from space 256K,   0% used [0x22e20000, 0x22e20000, 0x22e60000)
  to   space 256K,   0% used [0x22e60000, 0x22e60000, 0x22ea0000)
 tenured generation   total 12184K, used 12183K [0x256a0000, 0x26286000, 0x2ac00000)
   the space 12184K,  99% used [0x256a0000, 0x26285ff0, 0x26286000, 0x26286000)
 compacting perm gen  total 12288K, used 692K [0x2ac00000, 0x2b800000, 0x2ec00000)
   the space 12288K,   5% used [0x2ac00000, 0x2acad220, 0x2acad400, 0x2b800000)
    ro space 10240K,  42% used [0x2ec00000, 0x2f034778, 0x2f034800, 0x2f600000)
    rw space 12288K,  52% used [0x2f600000, 0x2fc49a68, 0x2fc49c00, 0x30200000)
Event: 3.086 GC heap after
Heap after GC invocations=16 (full 11):
 def new generation   total 2432K, used 2175K [0x22c00000, 0x22ea0000, 0x256a0000)
  eden space 2176K,  99% used [0x22c00000, 0x22e1fff0, 0x22e20000)
  from space 256K,   0% used [0x22e20000, 0x22e20000, 0x22e60000)
  to   space 256K,   0% used [0x22e60000, 0x22e60000, 0x22ea0000)
 tenured generation   total 12184K, used 12183K [0x256a0000, 0x26286000, 0x2ac00000)
   the space 12184K,  99% used [0x256a0000, 0x26285ff0, 0x26286000, 0x26286000)
 compacting perm gen  total 12288K, used 692K [0x2ac00000, 0x2b800000, 0x2ec00000)
   the space 12288K,   5% used [0x2ac00000, 0x2acad220, 0x2acad400, 0x2b800000)
    ro space 10240K,  42% used [0x2ec00000, 0x2f034778, 0x2f034800, 0x2f600000)
    rw space 12288K,  52% used [0x2f600000, 0x2fc49a68, 0x2fc49c00, 0x30200000)
}
Event: 3.086 GC heap before
{Heap before GC invocations=16 (full 11):
 def new generation   total 2432K, used 2176K [0x22c00000, 0x22ea0000, 0x256a0000)
  eden space 2176K, 100% used [0x22c00000, 0x22e20000, 0x22e20000)
  from space 256K,   0% used [0x22e20000, 0x22e20000, 0x22e60000)
  to   space 256K,   0% used [0x22e60000, 0x22e60000, 0x22ea0000)
 tenured generation   total 12184K, used 12183K [0x256a0000, 0x26286000, 0x2ac00000)
   the space 12184K,  99% used [0x256a0000, 0x26285ff0, 0x26286000, 0x26286000)
 compacting perm gen  total 12288K, used 692K [0x2ac00000, 0x2b800000, 0x2ec00000)
   the space 12288K,   5% used [0x2ac00000, 0x2acad220, 0x2acad400, 0x2b800000)
    ro space 10240K,  42% used [0x2ec00000, 0x2f034778, 0x2f034800, 0x2f600000)
    rw space 12288K,  52% used [0x2f600000, 0x2fc49a68, 0x2fc49c00, 0x30200000)
Event: 3.215 GC heap after
Heap after GC invocations=17 (full 12):
 def new generation   total 2432K, used 0K [0x22c00000, 0x22ea0000, 0x256a0000)
  eden space 2176K,   0% used [0x22c00000, 0x22c00000, 0x22e20000)
  from space 256K,   0% used [0x22e60000, 0x22e60000, 0x22ea0000)
  to   space 256K,   0% used [0x22e20000, 0x22e20000, 0x22e60000)
 tenured generation   total 12184K, used 7736K [0x256a0000, 0x26286000, 0x2ac00000)
   the space 12184K,  63% used [0x256a0000, 0x25e2e090, 0x25e2e200, 0x26286000)
 compacting perm gen  total 12288K, used 692K [0x2ac00000, 0x2b800000, 0x2ec00000)
   the space 12288K,   5% used [0x2ac00000, 0x2acad220, 0x2acad400, 0x2b800000)
    ro space 10240K,  42% used [0x2ec00000, 0x2f034778, 0x2f034800, 0x2f600000)
    rw space 12288K,  52% used [0x2f600000, 0x2fc49a68, 0x2fc49c00, 0x30200000)
}

Deoptimization events (0 events):
No events

Internal exceptions (10 events):
Event: 1.221 Thread 0x003b9c00 Threw 0x22dec358 at C:\re\jdk7u60\1081\hotspot\src\share\vm\prims\jvm.cpp:1244
Event: 1.315 Thread 0x003b9c00 Threw 0x22c6e178 at C:\re\jdk7u60\1081\hotspot\src\share\vm\prims\jvm.cpp:1244
Event: 1.319 Thread 0x003b9c00 Threw 0x22d19728 at C:\re\jdk7u60\1081\hotspot\src\share\vm\prims\jvm.cpp:1244
Event: 1.323 Thread 0x003b9c00 Threw 0x22d425e0 at C:\re\jdk7u60\1081\hotspot\src\share\vm\prims\jvm.cpp:1244
Event: 1.324 Thread 0x003b9c00 Threw 0x22d5ce40 at C:\re\jdk7u60\1081\hotspot\src\share\vm\prims\jvm.cpp:1244
Event: 1.402 Thread 0x003b9c00 Threw 0x22ce5a58 at C:\re\jdk7u60\1081\hotspot\src\share\vm\prims\jvm.cpp:1244
Event: 1.406 Thread 0x003b9c00 Threw 0x22d5c590 at C:\re\jdk7u60\1081\hotspot\src\share\vm\prims\jvm.cpp:1244
Event: 1.408 Thread 0x003b9c00 Threw 0x22d94320 at C:\re\jdk7u60\1081\hotspot\src\share\vm\prims\jvm.cpp:1244
Event: 1.732 Thread 0x003b9c00 Threw 0x22db6380 at C:\re\jdk7u60\1081\hotspot\src\share\vm\prims\jvm.cpp:1244
Event: 3.086 Thread 0x003b9c00 Threw 0x2ac005b8 at C:\re\jdk7u60\1081\hotspot\src\share\vm\gc_interface/collectedHeap.inline.hpp:170

Events (10 events):
Event: 3.086 Executing VM operation: GenCollectForAllocation done
Event: 3.086 Executing VM operation: GenCollectForAllocation
Event: 3.215 Executing VM operation: GenCollectForAllocation done
Event: 3.215 loading class 0x3020d440
Event: 3.215 loading class 0x3020d5e0
Event: 3.215 loading class 0x3020d5e0 done
Event: 3.215 loading class 0x3020d440 done
Event: 3.215 Thread 0x003b9c00 Thread exited: 0x003b9c00
Event: 3.215 Thread 0x003b9c00 Thread added: 0x003b9c00
Event: 3.216 Thread 0x02e7a400 Thread added: 0x02e7a400


Dynamic libraries:
0x00400000 - 0x0042f000 	C:\Programme\Java\jre7\bin\javaw.exe
0x7c910000 - 0x7c9c7000 	C:\WINXP\system32\ntdll.dll
0x7c800000 - 0x7c907000 	C:\WINXP\system32\kernel32.dll
0x77da0000 - 0x77e4a000 	C:\WINXP\system32\ADVAPI32.dll
0x77e50000 - 0x77ee1000 	C:\WINXP\system32\RPCRT4.dll
0x7e360000 - 0x7e3f1000 	C:\WINXP\system32\USER32.dll
0x77ef0000 - 0x77f37000 	C:\WINXP\system32\GDI32.dll
0x773a0000 - 0x774a3000 	C:\WINXP\WinSxS\x86_Microsoft.Windows.Common-Controls_6595b64144ccf1df_6.0.2600.2982_x-ww_ac3f9c03\COMCTL32.dll
0x77be0000 - 0x77c38000 	C:\WINXP\system32\msvcrt.dll
0x77f40000 - 0x77fb6000 	C:\WINXP\system32\SHLWAPI.dll
0x76330000 - 0x7634d000 	C:\WINXP\system32\IMM32.DLL
0x78aa0000 - 0x78b5f000 	C:\Programme\Java\jre7\bin\msvcr100.dll
0x6e770000 - 0x6eaf8000 	C:\Programme\Java\jre7\bin\client\jvm.dll
0x71a30000 - 0x71a3a000 	C:\WINXP\system32\WSOCK32.dll
0x71a10000 - 0x71a27000 	C:\WINXP\system32\WS2_32.dll
0x71a00000 - 0x71a08000 	C:\WINXP\system32\WS2HELP.dll
0x76af0000 - 0x76b1e000 	C:\WINXP\system32\WINMM.dll
0x76bb0000 - 0x76bbb000 	C:\WINXP\system32\PSAPI.DLL
0x6e6c0000 - 0x6e6cc000 	C:\Programme\Java\jre7\bin\verify.dll
0x6d480000 - 0x6d4a0000 	C:\Programme\Java\jre7\bin\java.dll
0x6e750000 - 0x6e763000 	C:\Programme\Java\jre7\bin\zip.dll
0x6e4b0000 - 0x6e4c4000 	C:\Programme\Java\jre7\bin\net.dll
0x6e4d0000 - 0x6e4df000 	C:\Programme\Java\jre7\bin\nio.dll

VM Arguments:
jvm_args: -Dfile.encoding=Cp1252 
java_command: blif.Parser
Launcher Type: SUN_STANDARD

Environment Variables:



---------------  S Y S T E M  ---------------

OS: Windows XP Build 2600 Service Pack 2

CPU:total 1 (1 cores per cpu, 1 threads per core) family 6 model 60 stepping 3, cmov, cx8, fxsr, mmx, sse, sse2, sse3, ssse3, tsc

Memory: 4k page, physical 523760k(6372k free), swap 1082768k(5120k free)

vm_info: Java HotSpot(TM) Client VM (24.60-b09) for windows-x86 JRE (1.7.0_60-b19), built on May  7 2014 13:09:52 by "java_re" with unknown MS VC++:1600

time: Sun Jul 27 11:21:11 2014
elapsed time: 3 seconds

